<?xml version="1.0" encoding="UTF-8"?>
<coverage generated="1672531200" clover="3.2.0">
  <project timestamp="1672531200">
    <metrics statements="10000" coveredstatements="9000" conditionals="1000" coveredconditionals="900" methods="1000" coveredmethods="950" elements="12000" coveredelements="10800" complexity="0" loc="10000" ncloc="10000" packages="20" files="100" classes="100"/>
    <package name="App">
      <file name="app/Models/Book.php">
        <metrics statements="50" coveredstatements="45" conditionals="5" coveredconditionals="4" methods="5" coveredmethods="5"/>
        <line num="10" type="stmt" count="1"/>
        <!-- more lines -->
      </file>
      <!-- more files -->
    </package>
  </project>
</coverage>