<?xml version="1.0" encoding="UTF-8"?>
<coverage generated="1672531200" clover="3.2.0">
  <project timestamp="1672531200">
    <metrics statements="1000" coveredstatements="850" conditionals="100" coveredconditionals="80" methods="100" coveredmethods="90" elements="1200" coveredelements="1020" complexity="0" loc="1000" ncloc="1000" packages="10" files="50" classes="50"/>
    <package name="App">
      <file name="app/Models/Book.php">
        <metrics statements="50" coveredstatements="45" conditionals="5" coveredconditionals="4" methods="5" coveredmethods="5"/>
        <line num="10" type="stmt" count="1"/>
        <!-- more lines -->
      </file>
      <!-- more files -->
    </package>
  </project>
</coverage>